<?xml version="1.0" encoding="UTF-8"?>
<!-- Generated by org.testng.reporters.JUnitXMLReporter -->
<testsuite hostname="LAPTOP-PFDNJC9Q" ignored="1" name="Default test" tests="1" failures="0" timestamp="2021-03-05T20:49:49 CST" time="16.811" errors="0">
  <testcase name="updateCustomers" time="13.025" classname="tests.Tests_Customer"/>
  <testcase name="customerTest" time="0.0" classname="tests.Tests_Customer">
    <ignored/>
  </testcase> <!-- customerTest -->
</testsuite> <!-- Default test -->
