<?xml version="1.0" encoding="UTF-8"?>
<!-- Generated by org.testng.reporters.JUnitXMLReporter -->
<testsuite hostname="LAPTOP-PFDNJC9Q" ignored="2" name="Default test" tests="1" failures="0" timestamp="2021-03-12T22:48:28 CST" time="20.71" errors="0">
  <testcase name="deleteCustomer" time="17.203" classname="tests.Tests_Customer"/>
  <testcase name="addCustomerTest" time="0.0" classname="tests.Tests_Customer">
    <ignored/>
  </testcase> <!-- addCustomerTest -->
  <testcase name="updateCustomers" time="0.0" classname="tests.Tests_Customer">
    <ignored/>
  </testcase> <!-- updateCustomers -->
</testsuite> <!-- Default test -->
