<?xml version="1.0" encoding="UTF-8"?>
<testng-results skipped="0" failed="0" ignored="1" total="2" passed="1">
  <reporter-output>
  </reporter-output>
  <suite name="Default suite" duration-ms="16811" started-at="2021-03-05T20:49:33 CST" finished-at="2021-03-05T20:49:49 CST">
    <groups>
    </groups>
    <test name="Default test" duration-ms="16811" started-at="2021-03-05T20:49:33 CST" finished-at="2021-03-05T20:49:49 CST">
      <class name="tests.Tests_Customer">
        <test-method status="PASS" signature="setup()[pri:0, instance:tests.Tests_Customer@53f65459]" name="setup" is-config="true" duration-ms="3759" started-at="2021-03-05T20:49:33 CST" finished-at="2021-03-05T20:49:36 CST">
          <reporter-output>
          </reporter-output>
        </test-method> <!-- setup -->
        <test-method status="PASS" signature="updateCustomers()[pri:1, instance:tests.Tests_Customer@53f65459]" name="updateCustomers" duration-ms="13025" started-at="2021-03-05T20:49:36 CST" finished-at="2021-03-05T20:49:49 CST">
          <reporter-output>
          </reporter-output>
        </test-method> <!-- updateCustomers -->
        <test-method status="PASS" signature="teardown()[pri:0, instance:tests.Tests_Customer@53f65459]" name="teardown" is-config="true" duration-ms="0" started-at="2021-03-05T20:49:49 CST" finished-at="2021-03-05T20:49:49 CST">
          <reporter-output>
          </reporter-output>
        </test-method> <!-- teardown -->
      </class> <!-- tests.Tests_Customer -->
    </test> <!-- Default test -->
  </suite> <!-- Default suite -->
</testng-results>
